Added Component: Designator=AMS1(SOT223)
Add component (AddParameter): Name = "Chung_Loai"; Value = "Dán"; VariantName = "[No Variations]"
Add component (AddParameter): Name = "Don_Vi"; Value = "Con"; VariantName = "[No Variations]"
Add component (AddParameter): Name = "Ghi_Chu"; Value = ""; VariantName = "[No Variations]"
Add component (AddParameter): Name = "Kieu_Chan"; Value = ""; VariantName = "[No Variations]"
Add component (AddParameter): Name = "Ma_Hang"; Value = "MH000596"; VariantName = "[No Variations]"
Add component (AddParameter): Name = "Value"; Value = "AMS1117-3.3V SOT223"; VariantName = "[No Variations]"
Added Component: Designator=AMS2(SOT223)
Add component (AddParameter): Name = "Chung_Loai"; Value = "Dán"; VariantName = "[No Variations]"
Add component (AddParameter): Name = "Don_Vi"; Value = "Con"; VariantName = "[No Variations]"
Add component (AddParameter): Name = "Ghi_Chu"; Value = ""; VariantName = "[No Variations]"
Add component (AddParameter): Name = "Kieu_Chan"; Value = ""; VariantName = "[No Variations]"
Add component (AddParameter): Name = "Ma_Hang"; Value = "MH000596"; VariantName = "[No Variations]"
Add component (AddParameter): Name = "Value"; Value = "AMS1117-3.3V SOT223"; VariantName = "[No Variations]"
Added Component: Designator=BT1(Nut Nhan 2 Chan SMD 3x6x2.5)
Add component (AddParameter): Name = "Ma_Hang"; Value = "MH001036"; VariantName = "[No Variations]"
Add component (AddParameter): Name = "Ten"; Value = "Nút Nh?n 2 Chân 3x6x2.5MM SMD"; VariantName = "[No Variations]"
Added Component: Designator=C1(tu nhom 6.3 (d))
Add component (AddParameter): Name = "Chung_Loai"; Value = "Dán"; VariantName = "[No Variations]"
Add component (AddParameter): Name = "Don_Vi"; Value = "Con"; VariantName = "[No Variations]"
Add component (AddParameter): Name = "Kieu_Chan"; Value = ""; VariantName = "[No Variations]"
Add component (AddParameter): Name = "Ma_Hang"; Value = "MH002217"; VariantName = "[No Variations]"
Add component (AddParameter): Name = "So_Chan"; Value = "2"; VariantName = "[No Variations]"
Add component (AddParameter): Name = "Ten_Linh_Kien"; Value = "T? Nhôm 47uF 50V 6.3x5.5MM"; VariantName = "[No Variations]"
Added Component: Designator=C2(tu nhom 6.3 (d))
Add component (AddParameter): Name = "Chung_Loai"; Value = "Dán"; VariantName = "[No Variations]"
Add component (AddParameter): Name = "Don_Vi"; Value = "Con"; VariantName = "[No Variations]"
Add component (AddParameter): Name = "Kieu_Chan"; Value = ""; VariantName = "[No Variations]"
Add component (AddParameter): Name = "Ma_Hang"; Value = "MH002217"; VariantName = "[No Variations]"
Add component (AddParameter): Name = "So_Chan"; Value = "2"; VariantName = "[No Variations]"
Add component (AddParameter): Name = "Ten_Linh_Kien"; Value = "T? Nhôm 47uF 50V 6.3x5.5MM"; VariantName = "[No Variations]"
Added Component: Designator=C3(tu 0805)
Add component (AddParameter): Name = "Chung_Loai"; Value = "Dán"; VariantName = "[No Variations]"
Add component (AddParameter): Name = "Don_Vi"; Value = "Con"; VariantName = "[No Variations]"
Add component (AddParameter): Name = "Kieu_Chan"; Value = ""; VariantName = "[No Variations]"
Add component (AddParameter): Name = "Ma_Hang"; Value = "MH004551"; VariantName = "[No Variations]"
Add component (AddParameter): Name = "So_Chan"; Value = "2"; VariantName = "[No Variations]"
Add component (AddParameter): Name = "Ten_Linh_Kien"; Value = "T? 0805 104-100nF 10% 50V"; VariantName = "[No Variations]"
Added Component: Designator=C4(tu 0805)
Add component (AddParameter): Name = "Chung_Loai"; Value = "Dán"; VariantName = "[No Variations]"
Add component (AddParameter): Name = "Don_Vi"; Value = "Con"; VariantName = "[No Variations]"
Add component (AddParameter): Name = "Kieu_Chan"; Value = ""; VariantName = "[No Variations]"
Add component (AddParameter): Name = "Ma_Hang"; Value = "MH004551"; VariantName = "[No Variations]"
Add component (AddParameter): Name = "So_Chan"; Value = "2"; VariantName = "[No Variations]"
Add component (AddParameter): Name = "Ten_Linh_Kien"; Value = "T? 0805 104-100nF 10% 50V"; VariantName = "[No Variations]"
Added Component: Designator=C5(tu 0805)
Add component (AddParameter): Name = "Chung_Loai"; Value = "Dán"; VariantName = "[No Variations]"
Add component (AddParameter): Name = "Don_Vi"; Value = "Con"; VariantName = "[No Variations]"
Add component (AddParameter): Name = "Kieu_Chan"; Value = ""; VariantName = "[No Variations]"
Add component (AddParameter): Name = "Ma_Hang"; Value = "MH004551"; VariantName = "[No Variations]"
Add component (AddParameter): Name = "So_Chan"; Value = "2"; VariantName = "[No Variations]"
Add component (AddParameter): Name = "Ten_Linh_Kien"; Value = "T? 0805 104-100nF 10% 50V"; VariantName = "[No Variations]"
Added Component: Designator=C6(tu 0805)
Add component (AddParameter): Name = "Chung_Loai"; Value = "Dán"; VariantName = "[No Variations]"
Add component (AddParameter): Name = "Don_Vi"; Value = "Con"; VariantName = "[No Variations]"
Add component (AddParameter): Name = "Kieu_Chan"; Value = ""; VariantName = "[No Variations]"
Add component (AddParameter): Name = "Ma_Hang"; Value = "MH004551"; VariantName = "[No Variations]"
Add component (AddParameter): Name = "So_Chan"; Value = "2"; VariantName = "[No Variations]"
Add component (AddParameter): Name = "Ten_Linh_Kien"; Value = "T? 0805 104-100nF 10% 50V"; VariantName = "[No Variations]"
Added Component: Designator=C7(tu 0805)
Add component (AddParameter): Name = "Chung_Loai"; Value = "Dán"; VariantName = "[No Variations]"
Add component (AddParameter): Name = "Don_Vi"; Value = "Con"; VariantName = "[No Variations]"
Add component (AddParameter): Name = "Kieu_Chan"; Value = ""; VariantName = "[No Variations]"
Add component (AddParameter): Name = "Ma_Hang"; Value = "MH004560"; VariantName = "[No Variations]"
Add component (AddParameter): Name = "So_Chan"; Value = "2"; VariantName = "[No Variations]"
Add component (AddParameter): Name = "Ten_Linh_Kien"; Value = "T? 0805 22P 10% 50V"; VariantName = "[No Variations]"
Added Component: Designator=C8(tu 0805)
Add component (AddParameter): Name = "Chung_Loai"; Value = "Dán"; VariantName = "[No Variations]"
Add component (AddParameter): Name = "Don_Vi"; Value = "Con"; VariantName = "[No Variations]"
Add component (AddParameter): Name = "Kieu_Chan"; Value = ""; VariantName = "[No Variations]"
Add component (AddParameter): Name = "Ma_Hang"; Value = "MH004560"; VariantName = "[No Variations]"
Add component (AddParameter): Name = "So_Chan"; Value = "2"; VariantName = "[No Variations]"
Add component (AddParameter): Name = "Ten_Linh_Kien"; Value = "T? 0805 22P 10% 50V"; VariantName = "[No Variations]"
Added Component: Designator=C9(tu 0805)
Add component (AddParameter): Name = "Chung_Loai"; Value = "Dán"; VariantName = "[No Variations]"
Add component (AddParameter): Name = "Don_Vi"; Value = "Con"; VariantName = "[No Variations]"
Add component (AddParameter): Name = "Kieu_Chan"; Value = ""; VariantName = "[No Variations]"
Add component (AddParameter): Name = "Ma_Hang"; Value = "MH004560"; VariantName = "[No Variations]"
Add component (AddParameter): Name = "So_Chan"; Value = "2"; VariantName = "[No Variations]"
Add component (AddParameter): Name = "Ten_Linh_Kien"; Value = "T? 0805 22P 10% 50V"; VariantName = "[No Variations]"
Added Component: Designator=C10(tu 0805)
Add component (AddParameter): Name = "Chung_Loai"; Value = "Dán"; VariantName = "[No Variations]"
Add component (AddParameter): Name = "Don_Vi"; Value = "Con"; VariantName = "[No Variations]"
Add component (AddParameter): Name = "Kieu_Chan"; Value = ""; VariantName = "[No Variations]"
Add component (AddParameter): Name = "Ma_Hang"; Value = "MH004551"; VariantName = "[No Variations]"
Add component (AddParameter): Name = "So_Chan"; Value = "2"; VariantName = "[No Variations]"
Add component (AddParameter): Name = "Ten_Linh_Kien"; Value = "T? 0805 104-100nF 10% 50V"; VariantName = "[No Variations]"
Added Component: Designator=C11(tu 0805)
Add component (AddParameter): Name = "Chung_Loai"; Value = "Dán"; VariantName = "[No Variations]"
Add component (AddParameter): Name = "Don_Vi"; Value = "Con"; VariantName = "[No Variations]"
Add component (AddParameter): Name = "Kieu_Chan"; Value = ""; VariantName = "[No Variations]"
Add component (AddParameter): Name = "Ma_Hang"; Value = "MH004551"; VariantName = "[No Variations]"
Add component (AddParameter): Name = "So_Chan"; Value = "2"; VariantName = "[No Variations]"
Add component (AddParameter): Name = "Ten_Linh_Kien"; Value = "T? 0805 104-100nF 10% 50V"; VariantName = "[No Variations]"
Added Component: Designator=C12(tu 0805)
Add component (AddParameter): Name = "Chung_Loai"; Value = "Dán"; VariantName = "[No Variations]"
Add component (AddParameter): Name = "Don_Vi"; Value = "Con"; VariantName = "[No Variations]"
Add component (AddParameter): Name = "Kieu_Chan"; Value = ""; VariantName = "[No Variations]"
Add component (AddParameter): Name = "Ma_Hang"; Value = "MH004551"; VariantName = "[No Variations]"
Add component (AddParameter): Name = "So_Chan"; Value = "2"; VariantName = "[No Variations]"
Add component (AddParameter): Name = "Ten_Linh_Kien"; Value = "T? 0805 104-100nF 10% 50V"; VariantName = "[No Variations]"
Added Component: Designator=C13(tu 0805)
Add component (AddParameter): Name = "Chung_Loai"; Value = "Dán"; VariantName = "[No Variations]"
Add component (AddParameter): Name = "Don_Vi"; Value = "Con"; VariantName = "[No Variations]"
Add component (AddParameter): Name = "Kieu_Chan"; Value = ""; VariantName = "[No Variations]"
Add component (AddParameter): Name = "Ma_Hang"; Value = "MH004560"; VariantName = "[No Variations]"
Add component (AddParameter): Name = "So_Chan"; Value = "2"; VariantName = "[No Variations]"
Add component (AddParameter): Name = "Ten_Linh_Kien"; Value = "T? 0805 22P 10% 50V"; VariantName = "[No Variations]"
Added Component: Designator=C14(tu 0805)
Add component (AddParameter): Name = "Chung_Loai"; Value = "Dán"; VariantName = "[No Variations]"
Add component (AddParameter): Name = "Don_Vi"; Value = "Con"; VariantName = "[No Variations]"
Add component (AddParameter): Name = "Kieu_Chan"; Value = ""; VariantName = "[No Variations]"
Add component (AddParameter): Name = "Ma_Hang"; Value = "MH004551"; VariantName = "[No Variations]"
Add component (AddParameter): Name = "So_Chan"; Value = "2"; VariantName = "[No Variations]"
Add component (AddParameter): Name = "Ten_Linh_Kien"; Value = "T? 0805 104-100nF 10% 50V"; VariantName = "[No Variations]"
Added Component: Designator=C15(tu 0805)
Add component (AddParameter): Name = "Chung_Loai"; Value = "Dán"; VariantName = "[No Variations]"
Add component (AddParameter): Name = "Don_Vi"; Value = "Con"; VariantName = "[No Variations]"
Add component (AddParameter): Name = "Kieu_Chan"; Value = ""; VariantName = "[No Variations]"
Add component (AddParameter): Name = "Ma_Hang"; Value = "MH004551"; VariantName = "[No Variations]"
Add component (AddParameter): Name = "So_Chan"; Value = "2"; VariantName = "[No Variations]"
Add component (AddParameter): Name = "Ten_Linh_Kien"; Value = "T? 0805 104-100nF 10% 50V"; VariantName = "[No Variations]"
Added Component: Designator=D1(DIODE SMA)
Add component (AddParameter): Name = "Chung_Loai"; Value = "Dán"; VariantName = "[No Variations]"
Add component (AddParameter): Name = "Don_Vi"; Value = "Con"; VariantName = "[No Variations]"
Add component (AddParameter): Name = "Ghi_Chu"; Value = ""; VariantName = "[No Variations]"
Add component (AddParameter): Name = "Kieu_Chan"; Value = ""; VariantName = "[No Variations]"
Add component (AddParameter): Name = "Ma_Hang"; Value = "MH000944"; VariantName = "[No Variations]"
Add component (AddParameter): Name = "Ten_Linh_Kien"; Value = "Diode M7 1N4007 SMD 1A 1000V"; VariantName = "[No Variations]"
Added Component: Designator=F1(Cau Chi SMD1808)
Add component (AddParameter): Name = "Ma_Hang"; Value = "MH009241"; VariantName = "[No Variations]"
Add component (AddParameter): Name = "Ten"; Value = "C?u Chì 0.5A 125V SMD1808 0451.500MRL"; VariantName = "[No Variations]"
Added Component: Designator=IC1(SOP 8)
Add component (AddParameter): Name = "Chung_Loai"; Value = "Dán"; VariantName = "[No Variations]"
Add component (AddParameter): Name = "Don_Vi"; Value = "Con"; VariantName = "[No Variations]"
Add component (AddParameter): Name = "Ghi_Chu"; Value = ""; VariantName = "[No Variations]"
Add component (AddParameter): Name = "Kieu_Chan"; Value = ""; VariantName = "[No Variations]"
Add component (AddParameter): Name = "Ma_Hang"; Value = "MH000609"; VariantName = "[No Variations]"
Add component (AddParameter): Name = "Ten_Linh_Kien"; Value = "LM358 SOP8"; VariantName = "[No Variations]"
Added Component: Designator=JACK DC1(JACK DC 5.5)
Add component (AddParameter): Name = "Value"; Value = "Jac DC"; VariantName = "[No Variations]"
Added Component: Designator=JP1(JP 2x3 DT)
Add component (AddParameter): Name = "Chung_Loai"; Value = "C?m"; VariantName = "[No Variations]"
Add component (AddParameter): Name = "Don_Vi"; Value = "Con"; VariantName = "[No Variations]"
Add component (AddParameter): Name = "Ghi_Chu"; Value = ""; VariantName = "[No Variations]"
Add component (AddParameter): Name = "Kieu_Chan"; Value = ""; VariantName = "[No Variations]"
Add component (AddParameter): Name = "Ma_Hang"; Value = "MH002686"; VariantName = "[No Variations]"
Add component (AddParameter): Name = "Ten_Linh_Kien"; Value = "Jump Ðôi Ð?c 2.54MM 2x40P Th?ng 11MM"; VariantName = "[No Variations]"
Added Component: Designator=JP2(JP 1x4 DC)
Add component (AddParameter): Name = "Chung_Loai"; Value = "C?m"; VariantName = "[No Variations]"
Add component (AddParameter): Name = "Don_Vi"; Value = "Con"; VariantName = "[No Variations]"
Add component (AddParameter): Name = "Ghi_Chu"; Value = ""; VariantName = "[No Variations]"
Add component (AddParameter): Name = "Kieu_Chan"; Value = ""; VariantName = "[No Variations]"
Add component (AddParameter): Name = "Ma_Hang"; Value = "MH000904"; VariantName = "[No Variations]"
Add component (AddParameter): Name = "Ten_Linh_Kien"; Value = "Jump Ðon Ð?c 2.54MM 1x40P Cong Ð?ng"; VariantName = "[No Variations]"
Added Component: Designator=JP3(JP 1x4 DC)
Add component (AddParameter): Name = "Chung_Loai"; Value = "C?m"; VariantName = "[No Variations]"
Add component (AddParameter): Name = "Don_Vi"; Value = "Con"; VariantName = "[No Variations]"
Add component (AddParameter): Name = "Ghi_Chu"; Value = ""; VariantName = "[No Variations]"
Add component (AddParameter): Name = "Kieu_Chan"; Value = ""; VariantName = "[No Variations]"
Add component (AddParameter): Name = "Ma_Hang"; Value = "MH000904"; VariantName = "[No Variations]"
Add component (AddParameter): Name = "Ten_Linh_Kien"; Value = "Jump Ðon Ð?c 2.54MM 1x40P Cong Ð?ng"; VariantName = "[No Variations]"
Added Component: Designator=JP4(JP 1x4 DC)
Add component (AddParameter): Name = "Chung_Loai"; Value = "C?m"; VariantName = "[No Variations]"
Add component (AddParameter): Name = "Don_Vi"; Value = "Con"; VariantName = "[No Variations]"
Add component (AddParameter): Name = "Ghi_Chu"; Value = ""; VariantName = "[No Variations]"
Add component (AddParameter): Name = "Kieu_Chan"; Value = ""; VariantName = "[No Variations]"
Add component (AddParameter): Name = "Ma_Hang"; Value = "MH000904"; VariantName = "[No Variations]"
Add component (AddParameter): Name = "Ten_Linh_Kien"; Value = "Jump Ðon Ð?c 2.54MM 1x40P Cong Ð?ng"; VariantName = "[No Variations]"
Added Component: Designator=JP5(JP 1x8 CC)
Add component (AddParameter): Name = "Chung_Loai"; Value = "C?m"; VariantName = "[No Variations]"
Add component (AddParameter): Name = "Don_Vi"; Value = "Con"; VariantName = "[No Variations]"
Add component (AddParameter): Name = "Ghi_Chu"; Value = ""; VariantName = "[No Variations]"
Add component (AddParameter): Name = "Kieu_Chan"; Value = ""; VariantName = "[No Variations]"
Add component (AddParameter): Name = "Ma_Hang"; Value = "MH001265"; VariantName = "[No Variations]"
Add component (AddParameter): Name = "Ten_Linh_Kien"; Value = "Jump Ðon Cái 2.54MM 1x40P Cong"; VariantName = "[No Variations]"
Added Component: Designator=JP6(JP 1x10 CC)
Add component (AddParameter): Name = "Chung_Loai"; Value = "C?m"; VariantName = "[No Variations]"
Add component (AddParameter): Name = "Don_Vi"; Value = "Con"; VariantName = "[No Variations]"
Add component (AddParameter): Name = "Ghi_Chu"; Value = ""; VariantName = "[No Variations]"
Add component (AddParameter): Name = "Kieu_Chan"; Value = ""; VariantName = "[No Variations]"
Add component (AddParameter): Name = "Ma_Hang"; Value = "MH001265"; VariantName = "[No Variations]"
Add component (AddParameter): Name = "Ten_Linh_Kien"; Value = "Jump Ðon Cái 2.54MM 1x40P Cong"; VariantName = "[No Variations]"
Added Component: Designator=JP7(JP 1x4 DT)
Add component (AddParameter): Name = "Chung_Loai"; Value = "C?m"; VariantName = "[No Variations]"
Add component (AddParameter): Name = "Don_Vi"; Value = "Con"; VariantName = "[No Variations]"
Add component (AddParameter): Name = "Ghi_Chu"; Value = ""; VariantName = "[No Variations]"
Add component (AddParameter): Name = "Kieu_Chan"; Value = ""; VariantName = "[No Variations]"
Add component (AddParameter): Name = "Ma_Hang"; Value = "MH000903"; VariantName = "[No Variations]"
Add component (AddParameter): Name = "Ten_Linh_Kien"; Value = "Jump Ðon Ð?c 2.54MM 1x40P Th?ng 11MM"; VariantName = "[No Variations]"
Added Component: Designator=JP8(JP 1x8 CC)
Add component (AddParameter): Name = "Chung_Loai"; Value = "C?m"; VariantName = "[No Variations]"
Add component (AddParameter): Name = "Don_Vi"; Value = "Con"; VariantName = "[No Variations]"
Add component (AddParameter): Name = "Ghi_Chu"; Value = ""; VariantName = "[No Variations]"
Add component (AddParameter): Name = "Kieu_Chan"; Value = ""; VariantName = "[No Variations]"
Add component (AddParameter): Name = "Ma_Hang"; Value = "MH001265"; VariantName = "[No Variations]"
Add component (AddParameter): Name = "Ten_Linh_Kien"; Value = "Jump Ðon Cái 2.54MM 1x40P Cong"; VariantName = "[No Variations]"
Added Component: Designator=JP9(JP 1x6 CC)
Add component (AddParameter): Name = "Chung_Loai"; Value = "C?m"; VariantName = "[No Variations]"
Add component (AddParameter): Name = "Don_Vi"; Value = "Con"; VariantName = "[No Variations]"
Add component (AddParameter): Name = "Ghi_Chu"; Value = ""; VariantName = "[No Variations]"
Add component (AddParameter): Name = "Kieu_Chan"; Value = ""; VariantName = "[No Variations]"
Add component (AddParameter): Name = "Ma_Hang"; Value = "MH001265"; VariantName = "[No Variations]"
Add component (AddParameter): Name = "Ten_Linh_Kien"; Value = "Jump Ðon Cái 2.54MM 1x40P Cong"; VariantName = "[No Variations]"
Added Component: Designator=L1(LED-0805-Red)
Add component (AddParameter): Name = "Chung_Loai"; Value = "Dán"; VariantName = "[No Variations]"
Add component (AddParameter): Name = "Don_Vi"; Value = "Con"; VariantName = "[No Variations]"
Add component (AddParameter): Name = "Ghi_Chu"; Value = ""; VariantName = "[No Variations]"
Add component (AddParameter): Name = "Kieu_Chan"; Value = ""; VariantName = "[No Variations]"
Add component (AddParameter): Name = "Ma_Hang"; Value = "MH000897"; VariantName = "[No Variations]"
Add component (AddParameter): Name = "Ten_Linh_Kien"; Value = "LED 0805 Màu Ð? (Red)"; VariantName = "[No Variations]"
Added Component: Designator=L2(LED-0805-Red)
Add component (AddParameter): Name = "Chung_Loai"; Value = "Dán"; VariantName = "[No Variations]"
Add component (AddParameter): Name = "Don_Vi"; Value = "Con"; VariantName = "[No Variations]"
Add component (AddParameter): Name = "Ghi_Chu"; Value = ""; VariantName = "[No Variations]"
Add component (AddParameter): Name = "Kieu_Chan"; Value = ""; VariantName = "[No Variations]"
Add component (AddParameter): Name = "Ma_Hang"; Value = "MH000897"; VariantName = "[No Variations]"
Add component (AddParameter): Name = "Ten_Linh_Kien"; Value = "LED 0805 Màu Ð? (Red)"; VariantName = "[No Variations]"
Added Component: Designator=L3(LED-0805-Red)
Add component (AddParameter): Name = "Chung_Loai"; Value = "Dán"; VariantName = "[No Variations]"
Add component (AddParameter): Name = "Don_Vi"; Value = "Con"; VariantName = "[No Variations]"
Add component (AddParameter): Name = "Ghi_Chu"; Value = ""; VariantName = "[No Variations]"
Add component (AddParameter): Name = "Kieu_Chan"; Value = ""; VariantName = "[No Variations]"
Add component (AddParameter): Name = "Ma_Hang"; Value = "MH000897"; VariantName = "[No Variations]"
Add component (AddParameter): Name = "Ten_Linh_Kien"; Value = "LED 0805 Màu Ð? (Red)"; VariantName = "[No Variations]"
Added Component: Designator=L4(LED-0805-Red)
Add component (AddParameter): Name = "Chung_Loai"; Value = "Dán"; VariantName = "[No Variations]"
Add component (AddParameter): Name = "Don_Vi"; Value = "Con"; VariantName = "[No Variations]"
Add component (AddParameter): Name = "Ghi_Chu"; Value = ""; VariantName = "[No Variations]"
Add component (AddParameter): Name = "Kieu_Chan"; Value = ""; VariantName = "[No Variations]"
Add component (AddParameter): Name = "Ma_Hang"; Value = "MH000897"; VariantName = "[No Variations]"
Add component (AddParameter): Name = "Ten_Linh_Kien"; Value = "LED 0805 Màu Ð? (Red)"; VariantName = "[No Variations]"
Added Component: Designator=Q1(SOT23)
Add component (AddParameter): Name = "Value"; Value = "C9014"; VariantName = "[No Variations]"
Added Component: Designator=R1(tro smd 0805)
Add component (AddParameter): Name = "Chung_Loai"; Value = "Dán"; VariantName = "[No Variations]"
Add component (AddParameter): Name = "Don_Vi"; Value = "Con"; VariantName = "[No Variations]"
Add component (AddParameter): Name = "Kieu_Chan"; Value = ""; VariantName = "[No Variations]"
Add component (AddParameter): Name = "Ma_Hang"; Value = "MH005468"; VariantName = "[No Variations]"
Add component (AddParameter): Name = "So_Chan"; Value = "2"; VariantName = "[No Variations]"
Add component (AddParameter): Name = "Ten_Linh_Kien"; Value = "Tr? 0805 1% 1k"; VariantName = "[No Variations]"
Added Component: Designator=R2(tro smd 0805)
Add component (AddParameter): Name = "Chung_Loai"; Value = "Dán"; VariantName = "[No Variations]"
Add component (AddParameter): Name = "Don_Vi"; Value = "Con"; VariantName = "[No Variations]"
Add component (AddParameter): Name = "Kieu_Chan"; Value = ""; VariantName = "[No Variations]"
Add component (AddParameter): Name = "Ma_Hang"; Value = "MH005239"; VariantName = "[No Variations]"
Add component (AddParameter): Name = "So_Chan"; Value = "2"; VariantName = "[No Variations]"
Add component (AddParameter): Name = "Ten_Linh_Kien"; Value = "Tr? 0805 5% 10k"; VariantName = "[No Variations]"
Added Component: Designator=R3(tro smd 0805)
Add component (AddParameter): Name = "Chung_Loai"; Value = "Dán"; VariantName = "[No Variations]"
Add component (AddParameter): Name = "Don_Vi"; Value = "Con"; VariantName = "[No Variations]"
Add component (AddParameter): Name = "Kieu_Chan"; Value = ""; VariantName = "[No Variations]"
Add component (AddParameter): Name = "Ma_Hang"; Value = "MH005468"; VariantName = "[No Variations]"
Add component (AddParameter): Name = "So_Chan"; Value = "2"; VariantName = "[No Variations]"
Add component (AddParameter): Name = "Ten_Linh_Kien"; Value = "Tr? 0805 1% 1k"; VariantName = "[No Variations]"
Added Component: Designator=R4(tro smd 0805)
Add component (AddParameter): Name = "Chung_Loai"; Value = "Dán"; VariantName = "[No Variations]"
Add component (AddParameter): Name = "Don_Vi"; Value = "Con"; VariantName = "[No Variations]"
Add component (AddParameter): Name = "Kieu_Chan"; Value = ""; VariantName = "[No Variations]"
Add component (AddParameter): Name = "Ma_Hang"; Value = "MH005239"; VariantName = "[No Variations]"
Add component (AddParameter): Name = "So_Chan"; Value = "2"; VariantName = "[No Variations]"
Add component (AddParameter): Name = "Ten_Linh_Kien"; Value = "Tr? 0805 5% 10k"; VariantName = "[No Variations]"
Added Component: Designator=R5(tro smd 0805)
Add component (AddParameter): Name = "Chung_Loai"; Value = "Dán"; VariantName = "[No Variations]"
Add component (AddParameter): Name = "Don_Vi"; Value = "Con"; VariantName = "[No Variations]"
Add component (AddParameter): Name = "Kieu_Chan"; Value = ""; VariantName = "[No Variations]"
Add component (AddParameter): Name = "Ma_Hang"; Value = "MH005468"; VariantName = "[No Variations]"
Add component (AddParameter): Name = "So_Chan"; Value = "2"; VariantName = "[No Variations]"
Add component (AddParameter): Name = "Ten_Linh_Kien"; Value = "Tr? 0805 1% 1k"; VariantName = "[No Variations]"
Added Component: Designator=R6(tro smd 0805)
Add component (AddParameter): Name = "Chung_Loai"; Value = "Dán"; VariantName = "[No Variations]"
Add component (AddParameter): Name = "Don_Vi"; Value = "Con"; VariantName = "[No Variations]"
Add component (AddParameter): Name = "Kieu_Chan"; Value = ""; VariantName = "[No Variations]"
Add component (AddParameter): Name = "Ma_Hang"; Value = "MH005468"; VariantName = "[No Variations]"
Add component (AddParameter): Name = "So_Chan"; Value = "2"; VariantName = "[No Variations]"
Add component (AddParameter): Name = "Ten_Linh_Kien"; Value = "Tr? 0805 1% 1k"; VariantName = "[No Variations]"
Added Component: Designator=R7(tro smd 0805)
Add component (AddParameter): Name = "Chung_Loai"; Value = "Dán"; VariantName = "[No Variations]"
Add component (AddParameter): Name = "Don_Vi"; Value = "Con"; VariantName = "[No Variations]"
Add component (AddParameter): Name = "Kieu_Chan"; Value = ""; VariantName = "[No Variations]"
Add component (AddParameter): Name = "Ma_Hang"; Value = "MH005468"; VariantName = "[No Variations]"
Add component (AddParameter): Name = "So_Chan"; Value = "2"; VariantName = "[No Variations]"
Add component (AddParameter): Name = "Ten_Linh_Kien"; Value = "Tr? 0805 1% 1k"; VariantName = "[No Variations]"
Added Component: Designator=R8(tro smd 0805)
Add component (AddParameter): Name = "Chung_Loai"; Value = "Dán"; VariantName = "[No Variations]"
Add component (AddParameter): Name = "Don_Vi"; Value = "Con"; VariantName = "[No Variations]"
Add component (AddParameter): Name = "Kieu_Chan"; Value = ""; VariantName = "[No Variations]"
Add component (AddParameter): Name = "Ma_Hang"; Value = "MH005468"; VariantName = "[No Variations]"
Add component (AddParameter): Name = "So_Chan"; Value = "2"; VariantName = "[No Variations]"
Add component (AddParameter): Name = "Ten_Linh_Kien"; Value = "Tr? 0805 1% 1k"; VariantName = "[No Variations]"
Added Component: Designator=R9(tro smd 0805)
Add component (AddParameter): Name = "Chung_Loai"; Value = "Dán"; VariantName = "[No Variations]"
Add component (AddParameter): Name = "Don_Vi"; Value = "Con"; VariantName = "[No Variations]"
Add component (AddParameter): Name = "Kieu_Chan"; Value = ""; VariantName = "[No Variations]"
Add component (AddParameter): Name = "Ma_Hang"; Value = "MH005235"; VariantName = "[No Variations]"
Add component (AddParameter): Name = "So_Chan"; Value = "2"; VariantName = "[No Variations]"
Add component (AddParameter): Name = "Ten_Linh_Kien"; Value = "Tr? 0805 5% 1M"; VariantName = "[No Variations]"
Added Component: Designator=R10(tro smd 0805)
Add component (AddParameter): Name = "Chung_Loai"; Value = "Dán"; VariantName = "[No Variations]"
Add component (AddParameter): Name = "Don_Vi"; Value = "Con"; VariantName = "[No Variations]"
Add component (AddParameter): Name = "Kieu_Chan"; Value = ""; VariantName = "[No Variations]"
Add component (AddParameter): Name = "Ma_Hang"; Value = "MH005239"; VariantName = "[No Variations]"
Add component (AddParameter): Name = "So_Chan"; Value = "2"; VariantName = "[No Variations]"
Add component (AddParameter): Name = "Ten_Linh_Kien"; Value = "Tr? 0805 5% 10k"; VariantName = "[No Variations]"
Added Component: Designator=R11(tro smd 0805)
Add component (AddParameter): Name = "Chung_Loai"; Value = "Dán"; VariantName = "[No Variations]"
Add component (AddParameter): Name = "Don_Vi"; Value = "Con"; VariantName = "[No Variations]"
Add component (AddParameter): Name = "Kieu_Chan"; Value = ""; VariantName = "[No Variations]"
Add component (AddParameter): Name = "Ma_Hang"; Value = "MH005235"; VariantName = "[No Variations]"
Add component (AddParameter): Name = "So_Chan"; Value = "2"; VariantName = "[No Variations]"
Add component (AddParameter): Name = "Ten_Linh_Kien"; Value = "Tr? 0805 5% 1M"; VariantName = "[No Variations]"
Added Component: Designator=U1(ATMEGA168)
Add component (AddParameter): Name = "Availability"; Value = "Unavailable"; VariantName = "[No Variations]"
Add component (AddParameter): Name = "MF"; Value = "Microchip"; VariantName = "[No Variations]"
Add component (AddParameter): Name = "MP"; Value = "ATMEGA168-20AU"; VariantName = "[No Variations]"
Add component (AddParameter): Name = "Package"; Value = "TQFP-32 Microchip"; VariantName = "[No Variations]"
Add component (AddParameter): Name = "Price"; Value = "None"; VariantName = "[No Variations]"
Add component (AddParameter): Name = "SnapEDA_Link"; Value = "https://www.snapeda.com/parts/ATMEGA168-20AU/Microchip/view-part/776709/?ref=snap"; VariantName = "[No Variations]"
Add component (AddParameter): Name = "Value"; Value = ""; VariantName = "[No Variations]"
Added Component: Designator=U2(SOIC16_50_284_25X90_SMT)
Add component (AddParameter): Name = "Alternate Part Number-1"; Value = "NA"; VariantName = "[No Variations]"
Add component (AddParameter): Name = "Case/Package"; Value = "SOIC16"; VariantName = "[No Variations]"
Add component (AddParameter): Name = "Manufacturer"; Value = "Olimex"; VariantName = "[No Variations]"
Add component (AddParameter): Name = "Manufacturer Part Number"; Value = "CH340C"; VariantName = "[No Variations]"
Add component (AddParameter): Name = "Supplier Part Number-1"; Value = "C84681"; VariantName = "[No Variations]"
Add component (AddParameter): Name = "Supplier-1"; Value = "LCSC"; VariantName = "[No Variations]"
Added Component: Designator=USB1(USB Micro 5p SMD)
Add component (AddParameter): Name = "Ma_Hang"; Value = "MH001020"; VariantName = "[No Variations]"
Add component (AddParameter): Name = "Ten"; Value = "MicroUSB MK5P SMD"; VariantName = "[No Variations]"
Added Component: Designator=Y1(Thach Anh 2 chan SMD)
Add component (AddParameter): Name = "Value"; Value = "4Mhz"; VariantName = "[No Variations]"
Added Component: Designator=Y2(Thach Anh 2 chan SMD)
Add component (AddParameter): Name = "Value"; Value = "4Mhz"; VariantName = "[No Variations]"
Added Pin To Net: NetName=GND Pin=AMS1-1
Added Pin To Net: NetName=3.3V Pin=AMS1-2
Added Pin To Net: NetName=5v Pin=AMS1-3
Added Pin To Net: NetName=GND Pin=AMS2-1
Added Pin To Net: NetName=5v Pin=AMS2-2
Added Pin To Net: NetName=VIN Pin=AMS2-3
Added Pin To Net: NetName=5v Pin=AMS2-4
Added Pin To Net: NetName=GND Pin=BT1-1
Added Pin To Net: NetName=NetBT1_2 Pin=BT1-2
Added Pin To Net: NetName=VIN Pin=C1-1
Added Pin To Net: NetName=GND Pin=C1-2
Added Pin To Net: NetName=5v Pin=C2-1
Added Pin To Net: NetName=GND Pin=C2-2
Added Pin To Net: NetName=GND Pin=C3-1
Added Pin To Net: NetName=3.3V Pin=C3-2
Added Pin To Net: NetName=GND Pin=C4-1
Added Pin To Net: NetName=5v Pin=C4-2
Added Pin To Net: NetName=GND Pin=C5-1
Added Pin To Net: NetName=5v Pin=C5-2
Added Pin To Net: NetName=GND Pin=C6-1
Added Pin To Net: NetName=5v Pin=C6-2
Added Pin To Net: NetName=XT1 Pin=C7-1
Added Pin To Net: NetName=GND Pin=C7-2
Added Pin To Net: NetName=XT2 Pin=C8-1
Added Pin To Net: NetName=GND Pin=C8-2
Added Pin To Net: NetName=XTAL1 Pin=C9-1
Added Pin To Net: NetName=GND Pin=C9-2
Added Pin To Net: NetName=DTR Pin=C10-1
Added Pin To Net: NetName=RESET Pin=C10-2
Added Pin To Net: NetName=NetBT1_2 Pin=C11-1
Added Pin To Net: NetName=GND Pin=C11-2
Added Pin To Net: NetName=5v Pin=C12-1
Added Pin To Net: NetName=V3 Pin=C12-2
Added Pin To Net: NetName=XTAL2 Pin=C13-1
Added Pin To Net: NetName=GND Pin=C13-2
Added Pin To Net: NetName=5v Pin=C14-1
Added Pin To Net: NetName=GND Pin=C14-2
Added Pin To Net: NetName=AREF Pin=C15-1
Added Pin To Net: NetName=GND Pin=C15-2
Added Pin To Net: NetName=NetD1_1 Pin=D1-1
Added Pin To Net: NetName=VIN Pin=D1-2
Added Pin To Net: NetName=NetF1_1 Pin=F1-1
Added Pin To Net: NetName=VUSB Pin=F1-2
Added Pin To Net: NetName=PWR Pin=IC1-1
Added Pin To Net: NetName=3.3V Pin=IC1-2
Added Pin To Net: NetName=NetIC1_3 Pin=IC1-3
Added Pin To Net: NetName=GND Pin=IC1-4
Added Pin To Net: NetName=NetIC1_5 Pin=IC1-5
Added Pin To Net: NetName=NetIC1_6 Pin=IC1-6
Added Pin To Net: NetName=NetIC1_6 Pin=IC1-7
Added Pin To Net: NetName=5v Pin=IC1-8
Added Pin To Net: NetName=NetD1_1 Pin=JACK DC1-1
Added Pin To Net: NetName=GND Pin=JACK DC1-2
Added Pin To Net: NetName=GND Pin=JACK DC1-3
Added Pin To Net: NetName=MISO Pin=JP1-1
Added Pin To Net: NetName=NetIC1_5 Pin=JP1-2
Added Pin To Net: NetName=RESET Pin=JP1-3
Added Pin To Net: NetName=GND Pin=JP1-4
Added Pin To Net: NetName=MOSI Pin=JP1-5
Added Pin To Net: NetName=5v Pin=JP1-6
Added Pin To Net: NetName=3.3V Pin=JP2-1
Added Pin To Net: NetName=3.3V Pin=JP2-2
Added Pin To Net: NetName=GND Pin=JP2-3
Added Pin To Net: NetName=GND Pin=JP2-4
Added Pin To Net: NetName=AD5/SCL Pin=JP3-1
Added Pin To Net: NetName=AD4/SDA Pin=JP3-2
Added Pin To Net: NetName=5v Pin=JP3-3
Added Pin To Net: NetName=GND Pin=JP3-4
Added Pin To Net: NetName=IO0/RXD Pin=JP4-1
Added Pin To Net: NetName=IO1/RXD Pin=JP4-2
Added Pin To Net: NetName=5v Pin=JP4-3
Added Pin To Net: NetName=GND Pin=JP4-4
Added Pin To Net: NetName=IO0/RXD Pin=JP5-1
Added Pin To Net: NetName=IO1/RXD Pin=JP5-2
Added Pin To Net: NetName=IO2 Pin=JP5-3
Added Pin To Net: NetName=IO3 Pin=JP5-4
Added Pin To Net: NetName=IO4 Pin=JP5-5
Added Pin To Net: NetName=IO5 Pin=JP5-6
Added Pin To Net: NetName=IO6 Pin=JP5-7
Added Pin To Net: NetName=IO7 Pin=JP5-8
Added Pin To Net: NetName=IO8 Pin=JP6-1
Added Pin To Net: NetName=IO9 Pin=JP6-2
Added Pin To Net: NetName=SS Pin=JP6-3
Added Pin To Net: NetName=MOSI Pin=JP6-4
Added Pin To Net: NetName=MISO Pin=JP6-5
Added Pin To Net: NetName=SCK Pin=JP6-6
Added Pin To Net: NetName=GND Pin=JP6-7
Added Pin To Net: NetName=AREF Pin=JP6-8
Added Pin To Net: NetName=AD4/SDA Pin=JP6-9
Added Pin To Net: NetName=AD5/SCL Pin=JP6-10
Added Pin To Net: NetName=DCD Pin=JP7-1
Added Pin To Net: NetName=RI Pin=JP7-2
Added Pin To Net: NetName=DSR Pin=JP7-3
Added Pin To Net: NetName=CTS Pin=JP7-4
Added Pin To Net: NetName=5v Pin=JP8-2
Added Pin To Net: NetName=RESET Pin=JP8-3
Added Pin To Net: NetName=3.3V Pin=JP8-4
Added Pin To Net: NetName=5v Pin=JP8-5
Added Pin To Net: NetName=GND Pin=JP8-6
Added Pin To Net: NetName=GND Pin=JP8-7
Added Pin To Net: NetName=VIN Pin=JP8-8
Added Pin To Net: NetName=AD0 Pin=JP9-1
Added Pin To Net: NetName=AD1 Pin=JP9-2
Added Pin To Net: NetName=AD2 Pin=JP9-3
Added Pin To Net: NetName=AD3 Pin=JP9-4
Added Pin To Net: NetName=AD4/SDA Pin=JP9-5
Added Pin To Net: NetName=AD5/SCL Pin=JP9-6
Added Pin To Net: NetName=NetL1_1 Pin=L1-1
Added Pin To Net: NetName=GND Pin=L1-2
Added Pin To Net: NetName=NetL2_1 Pin=L2-1
Added Pin To Net: NetName=GND Pin=L2-2
Added Pin To Net: NetName=NetL3_1 Pin=L3-1
Added Pin To Net: NetName=IO0/RXD Pin=L3-2
Added Pin To Net: NetName=NetL4_1 Pin=L4-1
Added Pin To Net: NetName=IO1/RXD Pin=L4-2
Added Pin To Net: NetName=PWR Pin=Q1-1
Added Pin To Net: NetName=5v Pin=Q1-2
Added Pin To Net: NetName=VUSB Pin=Q1-3
Added Pin To Net: NetName=5v Pin=R1-1
Added Pin To Net: NetName=NetL1_1 Pin=R1-2
Added Pin To Net: NetName=NetIC1_3 Pin=R2-1
Added Pin To Net: NetName=VIN Pin=R2-2
Added Pin To Net: NetName=NetIC1_6 Pin=R3-1
Added Pin To Net: NetName=NetL2_1 Pin=R3-2
Added Pin To Net: NetName=GND Pin=R4-1
Added Pin To Net: NetName=NetIC1_3 Pin=R4-2
Added Pin To Net: NetName=5v Pin=R5-1
Added Pin To Net: NetName=NetL3_1 Pin=R5-2
Added Pin To Net: NetName=5v Pin=R6-1
Added Pin To Net: NetName=NetL4_1 Pin=R6-2
Added Pin To Net: NetName=NetR7_1 Pin=R7-1
Added Pin To Net: NetName=IO0/RXD Pin=R7-2
Added Pin To Net: NetName=NetR8_1 Pin=R8-1
Added Pin To Net: NetName=IO1/RXD Pin=R8-2
Added Pin To Net: NetName=XT2 Pin=R9-1
Added Pin To Net: NetName=XT1 Pin=R9-2
Added Pin To Net: NetName=NetBT1_2 Pin=R10-1
Added Pin To Net: NetName=5v Pin=R10-2
Added Pin To Net: NetName=XTAL2 Pin=R11-1
Added Pin To Net: NetName=XTAL1 Pin=R11-2
Added Pin To Net: NetName=IO3 Pin=U1-1
Added Pin To Net: NetName=IO4 Pin=U1-2
Added Pin To Net: NetName=GND Pin=U1-3
Added Pin To Net: NetName=5v Pin=U1-4
Added Pin To Net: NetName=GND Pin=U1-5
Added Pin To Net: NetName=5v Pin=U1-6
Added Pin To Net: NetName=XTAL1 Pin=U1-7
Added Pin To Net: NetName=XTAL2 Pin=U1-8
Added Pin To Net: NetName=IO5 Pin=U1-9
Added Pin To Net: NetName=IO6 Pin=U1-10
Added Pin To Net: NetName=IO7 Pin=U1-11
Added Pin To Net: NetName=IO8 Pin=U1-12
Added Pin To Net: NetName=IO9 Pin=U1-13
Added Pin To Net: NetName=SS Pin=U1-14
Added Pin To Net: NetName=MOSI Pin=U1-15
Added Pin To Net: NetName=MISO Pin=U1-16
Added Pin To Net: NetName=SCK Pin=U1-17
Added Pin To Net: NetName=5v Pin=U1-18
Added Pin To Net: NetName=AREF Pin=U1-20
Added Pin To Net: NetName=GND Pin=U1-21
Added Pin To Net: NetName=AD0 Pin=U1-23
Added Pin To Net: NetName=AD1 Pin=U1-24
Added Pin To Net: NetName=AD2 Pin=U1-25
Added Pin To Net: NetName=AD3 Pin=U1-26
Added Pin To Net: NetName=AD4/SDA Pin=U1-27
Added Pin To Net: NetName=AD5/SCL Pin=U1-28
Added Pin To Net: NetName=RESET Pin=U1-29
Added Pin To Net: NetName=IO0/RXD Pin=U1-30
Added Pin To Net: NetName=IO1/RXD Pin=U1-31
Added Pin To Net: NetName=IO2 Pin=U1-32
Added Pin To Net: NetName=GND Pin=U2-1
Added Pin To Net: NetName=NetR7_1 Pin=U2-2
Added Pin To Net: NetName=NetR8_1 Pin=U2-3
Added Pin To Net: NetName=V3 Pin=U2-4
Added Pin To Net: NetName=USB_P Pin=U2-5
Added Pin To Net: NetName=USB_N Pin=U2-6
Added Pin To Net: NetName=XT1 Pin=U2-7
Added Pin To Net: NetName=XT2 Pin=U2-8
Added Pin To Net: NetName=CTS Pin=U2-9
Added Pin To Net: NetName=DSR Pin=U2-10
Added Pin To Net: NetName=RI Pin=U2-11
Added Pin To Net: NetName=DCD Pin=U2-12
Added Pin To Net: NetName=DTR Pin=U2-13
Added Pin To Net: NetName=5v Pin=U2-16
Added Pin To Net: NetName=NetF1_1 Pin=USB1-1
Added Pin To Net: NetName=USB_N Pin=USB1-2
Added Pin To Net: NetName=USB_P Pin=USB1-3
Added Pin To Net: NetName=GND Pin=USB1-4
Added Pin To Net: NetName=GND Pin=USB1-5
Added Pin To Net: NetName=GND Pin=USB1-5
Added Pin To Net: NetName=GND Pin=USB1-5
Added Pin To Net: NetName=XT2 Pin=Y1-1
Added Pin To Net: NetName=XT1 Pin=Y1-2
Added Pin To Net: NetName=XTAL2 Pin=Y2-1
Added Pin To Net: NetName=XTAL1 Pin=Y2-2
Added Member To Class: ClassName=SCH_Arduino_R3_V1.0 Member=Component AMS1 AMS1117-3.3V
Added Member To Class: ClassName=SCH_Arduino_R3_V1.0 Member=Component AMS2 AMS1117-5V
Added Member To Class: ClassName=SCH_Arduino_R3_V1.0 Member=Component BT1 Nut Nhan 2 Chan SMD 3x6x2.5
Added Member To Class: ClassName=SCH_Arduino_R3_V1.0 Member=Component C1 47uF
Added Member To Class: ClassName=SCH_Arduino_R3_V1.0 Member=Component C2 47uF
Added Member To Class: ClassName=SCH_Arduino_R3_V1.0 Member=Component C3 104
Added Member To Class: ClassName=SCH_Arduino_R3_V1.0 Member=Component C4 104
Added Member To Class: ClassName=SCH_Arduino_R3_V1.0 Member=Component C5 104
Added Member To Class: ClassName=SCH_Arduino_R3_V1.0 Member=Component C6 104
Added Member To Class: ClassName=SCH_Arduino_R3_V1.0 Member=Component C7 22pF
Added Member To Class: ClassName=SCH_Arduino_R3_V1.0 Member=Component C8 22pF
Added Member To Class: ClassName=SCH_Arduino_R3_V1.0 Member=Component C9 22pF
Added Member To Class: ClassName=SCH_Arduino_R3_V1.0 Member=Component C10 104
Added Member To Class: ClassName=SCH_Arduino_R3_V1.0 Member=Component C11 104
Added Member To Class: ClassName=SCH_Arduino_R3_V1.0 Member=Component C12 104
Added Member To Class: ClassName=SCH_Arduino_R3_V1.0 Member=Component C13 22pF
Added Member To Class: ClassName=SCH_Arduino_R3_V1.0 Member=Component C14 104
Added Member To Class: ClassName=SCH_Arduino_R3_V1.0 Member=Component C15 104
Added Member To Class: ClassName=SCH_Arduino_R3_V1.0 Member=Component D1 M7
Added Member To Class: ClassName=SCH_Arduino_R3_V1.0 Member=Component F1 0.5A 125V
Added Member To Class: ClassName=SCH_Arduino_R3_V1.0 Member=Component IC1 LM358 SOP8
Added Member To Class: ClassName=SCH_Arduino_R3_V1.0 Member=Component JACK DC1 JACK DC 5.5
Added Member To Class: ClassName=SCH_Arduino_R3_V1.0 Member=Component JP1 JP 2x3 2.54
Added Member To Class: ClassName=SCH_Arduino_R3_V1.0 Member=Component JP2 JP 1x4 2.54
Added Member To Class: ClassName=SCH_Arduino_R3_V1.0 Member=Component JP3 JP 1x4 2.54
Added Member To Class: ClassName=SCH_Arduino_R3_V1.0 Member=Component JP4 JP 1x4 2.54
Added Member To Class: ClassName=SCH_Arduino_R3_V1.0 Member=Component JP5 JP 1x8 2.54
Added Member To Class: ClassName=SCH_Arduino_R3_V1.0 Member=Component JP6 JP 1x10 2.54
Added Member To Class: ClassName=SCH_Arduino_R3_V1.0 Member=Component JP7 JP 1x4 2.54
Added Member To Class: ClassName=SCH_Arduino_R3_V1.0 Member=Component JP8 JP 1x8 2.54
Added Member To Class: ClassName=SCH_Arduino_R3_V1.0 Member=Component JP9 JP 1x6 2.54
Added Member To Class: ClassName=SCH_Arduino_R3_V1.0 Member=Component L1 LED 0805
Added Member To Class: ClassName=SCH_Arduino_R3_V1.0 Member=Component L2 LED 0805
Added Member To Class: ClassName=SCH_Arduino_R3_V1.0 Member=Component L3 LED 0805
Added Member To Class: ClassName=SCH_Arduino_R3_V1.0 Member=Component L4 LED 0805
Added Member To Class: ClassName=SCH_Arduino_R3_V1.0 Member=Component Q1 HF
Added Member To Class: ClassName=SCH_Arduino_R3_V1.0 Member=Component R1 1k
Added Member To Class: ClassName=SCH_Arduino_R3_V1.0 Member=Component R2 10k
Added Member To Class: ClassName=SCH_Arduino_R3_V1.0 Member=Component R3 1k
Added Member To Class: ClassName=SCH_Arduino_R3_V1.0 Member=Component R4 10k
Added Member To Class: ClassName=SCH_Arduino_R3_V1.0 Member=Component R5 1k
Added Member To Class: ClassName=SCH_Arduino_R3_V1.0 Member=Component R6 1k
Added Member To Class: ClassName=SCH_Arduino_R3_V1.0 Member=Component R7 1k
Added Member To Class: ClassName=SCH_Arduino_R3_V1.0 Member=Component R8 1k
Added Member To Class: ClassName=SCH_Arduino_R3_V1.0 Member=Component R9 1M
Added Member To Class: ClassName=SCH_Arduino_R3_V1.0 Member=Component R10 10k
Added Member To Class: ClassName=SCH_Arduino_R3_V1.0 Member=Component R11 1M
Added Member To Class: ClassName=SCH_Arduino_R3_V1.0 Member=Component U1 ATMEGA168-20AU
Added Member To Class: ClassName=SCH_Arduino_R3_V1.0 Member=Component U2 CH340C
Added Member To Class: ClassName=SCH_Arduino_R3_V1.0 Member=Component USB1 USB Micro 5p SMD
Added Member To Class: ClassName=SCH_Arduino_R3_V1.0 Member=Component Y1 16Mhz
Added Member To Class: ClassName=SCH_Arduino_R3_V1.0 Member=Component Y2 16Mhz
Added Room: Name=SCH_Arduino_R3_V1.0
